2018-02-25 17:35:45 startup archives unpack
2018-02-25 17:35:53 install gddrescue:armhf <none> 1.19-1
2018-02-25 17:35:53 status half-installed gddrescue:armhf 1.19-1
2018-02-25 17:35:54 status triggers-pending install-info:armhf 5.2.0.dfsg.1-6
2018-02-25 17:35:56 status triggers-pending man-db:armhf 2.7.5-1~bpo8+1
2018-02-25 17:35:58 status unpacked gddrescue:armhf 1.19-1
2018-02-25 17:35:59 status unpacked gddrescue:armhf 1.19-1
2018-02-25 17:35:59 trigproc install-info:armhf 5.2.0.dfsg.1-6 <none>
2018-02-25 17:35:59 status half-configured install-info:armhf 5.2.0.dfsg.1-6
2018-02-25 17:36:00 status installed install-info:armhf 5.2.0.dfsg.1-6
2018-02-25 17:36:00 trigproc man-db:armhf 2.7.5-1~bpo8+1 <none>
2018-02-25 17:36:00 status half-configured man-db:armhf 2.7.5-1~bpo8+1
2018-02-25 17:36:02 status installed man-db:armhf 2.7.5-1~bpo8+1
2018-02-25 17:36:02 startup packages configure
2018-02-25 17:36:02 configure gddrescue:armhf 1.19-1 <none>
2018-02-25 17:36:02 status unpacked gddrescue:armhf 1.19-1
2018-02-25 17:36:03 status half-configured gddrescue:armhf 1.19-1
2018-02-25 17:36:03 status installed gddrescue:armhf 1.19-1
2018-02-25 17:36:03 startup packages configure
2018-02-25 17:41:59 startup packages purge
2018-02-25 17:41:59 status installed build-essential:armhf 11.7
2018-02-25 17:42:02 remove build-essential:armhf 11.7 <none>
2018-02-25 17:42:02 status half-configured build-essential:armhf 11.7
2018-02-25 17:42:03 status half-installed build-essential:armhf 11.7
2018-02-25 17:42:04 status config-files build-essential:armhf 11.7
2018-02-25 17:42:04 status config-files build-essential:armhf 11.7
2018-02-25 17:42:04 status config-files build-essential:armhf 11.7
2018-02-25 17:42:04 status not-installed build-essential:armhf <none>
2018-02-25 17:42:04 status installed dpkg-dev:all 1.17.27
2018-02-25 17:42:04 remove dpkg-dev:all 1.17.27 <none>
2018-02-25 17:42:04 status half-configured dpkg-dev:all 1.17.27
2018-02-25 17:42:04 status half-installed dpkg-dev:all 1.17.27
2018-02-25 17:42:04 status triggers-pending man-db:armhf 2.7.5-1~bpo8+1
2018-02-25 17:42:11 status config-files dpkg-dev:all 1.17.27
2018-02-25 17:42:11 purge dpkg-dev:all 1.17.27 <none>
2018-02-25 17:42:11 status config-files dpkg-dev:all 1.17.27
2018-02-25 17:42:12 status config-files dpkg-dev:all 1.17.27
2018-02-25 17:42:12 status config-files dpkg-dev:all 1.17.27
2018-02-25 17:42:12 status config-files dpkg-dev:all 1.17.27
2018-02-25 17:42:13 status config-files dpkg-dev:all 1.17.27
2018-02-25 17:42:13 status not-installed dpkg-dev:all <none>
2018-02-25 17:42:13 status installed xz-utils:armhf 5.1.1alpha+20120614-2
2018-02-25 17:42:13 remove xz-utils:armhf 5.1.1alpha+20120614-2 <none>
2018-02-25 17:42:13 status half-configured xz-utils:armhf 5.1.1alpha+20120614-2
2018-02-25 17:42:13 status half-installed xz-utils:armhf 5.1.1alpha+20120614-2
2018-02-25 17:42:13 status config-files xz-utils:armhf 5.1.1alpha+20120614-2
2018-02-25 17:42:13 status config-files xz-utils:armhf 5.1.1alpha+20120614-2
2018-02-25 17:42:13 status config-files xz-utils:armhf 5.1.1alpha+20120614-2
2018-02-25 17:42:13 status not-installed xz-utils:armhf <none>
2018-02-25 17:42:13 trigproc man-db:armhf 2.7.5-1~bpo8+1 <none>
2018-02-25 17:42:13 status half-configured man-db:armhf 2.7.5-1~bpo8+1
2018-02-25 17:42:13 status installed man-db:armhf 2.7.5-1~bpo8+1
2018-02-25 17:42:13 startup packages configure
2018-02-25 17:43:18 startup packages purge
2018-02-25 17:43:18 status installed crda:armhf 3.13-1
2018-02-25 17:43:19 remove crda:armhf 3.13-1 <none>
2018-02-25 17:43:19 status half-configured crda:armhf 3.13-1
2018-02-25 17:43:19 status half-installed crda:armhf 3.13-1
2018-02-25 17:43:20 status triggers-pending man-db:armhf 2.7.5-1~bpo8+1
2018-02-25 17:43:20 status config-files crda:armhf 3.13-1
2018-02-25 17:43:20 purge crda:armhf 3.13-1 <none>
2018-02-25 17:43:20 status config-files crda:armhf 3.13-1
2018-02-25 17:43:20 status config-files crda:armhf 3.13-1
2018-02-25 17:43:20 status config-files crda:armhf 3.13-1
2018-02-25 17:43:20 status config-files crda:armhf 3.13-1
2018-02-25 17:43:20 status config-files crda:armhf 3.13-1
2018-02-25 17:43:20 status not-installed crda:armhf <none>
2018-02-25 17:43:20 status installed fakeroot:armhf 1.20.2-1
2018-02-25 17:43:20 remove fakeroot:armhf 1.20.2-1 <none>
2018-02-25 17:43:20 status half-configured fakeroot:armhf 1.20.2-1
2018-02-25 17:43:20 status half-installed fakeroot:armhf 1.20.2-1
2018-02-25 17:43:22 status config-files fakeroot:armhf 1.20.2-1
2018-02-25 17:43:22 purge fakeroot:armhf 1.20.2-1 <none>
2018-02-25 17:43:22 status config-files fakeroot:armhf 1.20.2-1
2018-02-25 17:43:22 status config-files fakeroot:armhf 1.20.2-1
2018-02-25 17:43:23 status config-files fakeroot:armhf 1.20.2-1
2018-02-25 17:43:23 status config-files fakeroot:armhf 1.20.2-1
2018-02-25 17:43:23 status config-files fakeroot:armhf 1.20.2-1
2018-02-25 17:43:23 status not-installed fakeroot:armhf <none>
2018-02-25 17:43:23 status installed g++:armhf 4:4.9.2-2
2018-02-25 17:43:24 remove g++:armhf 4:4.9.2-2 <none>
2018-02-25 17:43:24 status half-configured g++:armhf 4:4.9.2-2
2018-02-25 17:43:24 status half-installed g++:armhf 4:4.9.2-2
2018-02-25 17:43:24 status config-files g++:armhf 4:4.9.2-2
2018-02-25 17:43:24 status config-files g++:armhf 4:4.9.2-2
2018-02-25 17:43:24 status config-files g++:armhf 4:4.9.2-2
2018-02-25 17:43:24 status not-installed g++:armhf <none>
2018-02-25 17:43:24 status installed g++-4.9:armhf 4.9.2-10
2018-02-25 17:43:24 remove g++-4.9:armhf 4.9.2-10 <none>
2018-02-25 17:43:24 status half-configured g++-4.9:armhf 4.9.2-10
2018-02-25 17:43:24 status half-installed g++-4.9:armhf 4.9.2-10
2018-02-25 17:43:24 status config-files g++-4.9:armhf 4.9.2-10
2018-02-25 17:43:24 status config-files g++-4.9:armhf 4.9.2-10
2018-02-25 17:43:24 status config-files g++-4.9:armhf 4.9.2-10
2018-02-25 17:43:24 status not-installed g++-4.9:armhf <none>
2018-02-25 17:43:25 status installed gcc:armhf 4:4.9.2-2
2018-02-25 17:43:25 remove gcc:armhf 4:4.9.2-2 <none>
2018-02-25 17:43:25 status half-configured gcc:armhf 4:4.9.2-2
2018-02-25 17:43:25 status half-installed gcc:armhf 4:4.9.2-2
2018-02-25 17:43:25 status config-files gcc:armhf 4:4.9.2-2
2018-02-25 17:43:25 status config-files gcc:armhf 4:4.9.2-2
2018-02-25 17:43:25 status config-files gcc:armhf 4:4.9.2-2
2018-02-25 17:43:26 status not-installed gcc:armhf <none>
2018-02-25 17:43:26 status installed gcc-4.9:armhf 4.9.2-10
2018-02-25 17:43:26 remove gcc-4.9:armhf 4.9.2-10 <none>
2018-02-25 17:43:26 status half-configured gcc-4.9:armhf 4.9.2-10
2018-02-25 17:43:26 status half-installed gcc-4.9:armhf 4.9.2-10
2018-02-25 17:43:30 status config-files gcc-4.9:armhf 4.9.2-10
2018-02-25 17:43:32 status config-files gcc-4.9:armhf 4.9.2-10
2018-02-25 17:43:32 status config-files gcc-4.9:armhf 4.9.2-10
2018-02-25 17:43:32 status not-installed gcc-4.9:armhf <none>
2018-02-25 17:43:32 status installed iw:armhf 3.17-1
2018-02-25 17:43:32 remove iw:armhf 3.17-1 <none>
2018-02-25 17:43:32 status half-configured iw:armhf 3.17-1
2018-02-25 17:43:33 status half-installed iw:armhf 3.17-1
2018-02-25 17:43:33 status config-files iw:armhf 3.17-1
2018-02-25 17:43:33 status config-files iw:armhf 3.17-1
2018-02-25 17:43:33 status config-files iw:armhf 3.17-1
2018-02-25 17:43:33 status not-installed iw:armhf <none>
2018-02-25 17:43:33 status installed libalgorithm-merge-perl:all 0.08-2
2018-02-25 17:43:33 remove libalgorithm-merge-perl:all 0.08-2 <none>
2018-02-25 17:43:33 status half-configured libalgorithm-merge-perl:all 0.08-2
2018-02-25 17:43:33 status half-installed libalgorithm-merge-perl:all 0.08-2
2018-02-25 17:43:33 status config-files libalgorithm-merge-perl:all 0.08-2
2018-02-25 17:43:33 status config-files libalgorithm-merge-perl:all 0.08-2
2018-02-25 17:43:33 status config-files libalgorithm-merge-perl:all 0.08-2
2018-02-25 17:43:33 status not-installed libalgorithm-merge-perl:all <none>
2018-02-25 17:43:33 status installed libalgorithm-diff-xs-perl:armhf 0.04-3+b1
2018-02-25 17:43:33 remove libalgorithm-diff-xs-perl:armhf 0.04-3+b1 <none>
2018-02-25 17:43:33 status half-configured libalgorithm-diff-xs-perl:armhf 0.04-3+b1
2018-02-25 17:43:33 status half-installed libalgorithm-diff-xs-perl:armhf 0.04-3+b1
2018-02-25 17:43:34 status config-files libalgorithm-diff-xs-perl:armhf 0.04-3+b1
2018-02-25 17:43:34 status config-files libalgorithm-diff-xs-perl:armhf 0.04-3+b1
2018-02-25 17:43:34 status config-files libalgorithm-diff-xs-perl:armhf 0.04-3+b1
2018-02-25 17:43:34 status not-installed libalgorithm-diff-xs-perl:armhf <none>
2018-02-25 17:43:34 status installed libalgorithm-diff-perl:all 1.19.02-3
2018-02-25 17:43:34 remove libalgorithm-diff-perl:all 1.19.02-3 <none>
2018-02-25 17:43:34 status half-configured libalgorithm-diff-perl:all 1.19.02-3
2018-02-25 17:43:34 status half-installed libalgorithm-diff-perl:all 1.19.02-3
2018-02-25 17:43:34 status config-files libalgorithm-diff-perl:all 1.19.02-3
2018-02-25 17:43:34 status config-files libalgorithm-diff-perl:all 1.19.02-3
2018-02-25 17:43:34 status config-files libalgorithm-diff-perl:all 1.19.02-3
2018-02-25 17:43:34 status not-installed libalgorithm-diff-perl:all <none>
2018-02-25 17:43:34 status installed libstdc++-4.9-dev:armhf 4.9.2-10
2018-02-25 17:43:34 remove libstdc++-4.9-dev:armhf 4.9.2-10 <none>
2018-02-25 17:43:34 status half-configured libstdc++-4.9-dev:armhf 4.9.2-10
2018-02-25 17:43:34 status half-installed libstdc++-4.9-dev:armhf 4.9.2-10
2018-02-25 17:43:35 status config-files libstdc++-4.9-dev:armhf 4.9.2-10
2018-02-25 17:43:35 status config-files libstdc++-4.9-dev:armhf 4.9.2-10
2018-02-25 17:43:35 status config-files libstdc++-4.9-dev:armhf 4.9.2-10
2018-02-25 17:43:35 status not-installed libstdc++-4.9-dev:armhf <none>
2018-02-25 17:43:35 status installed libgcc-4.9-dev:armhf 4.9.2-10
2018-02-25 17:43:35 remove libgcc-4.9-dev:armhf 4.9.2-10 <none>
2018-02-25 17:43:35 status half-configured libgcc-4.9-dev:armhf 4.9.2-10
2018-02-25 17:43:35 status half-installed libgcc-4.9-dev:armhf 4.9.2-10
2018-02-25 17:43:35 status config-files libgcc-4.9-dev:armhf 4.9.2-10
2018-02-25 17:43:35 status config-files libgcc-4.9-dev:armhf 4.9.2-10
2018-02-25 17:43:35 status config-files libgcc-4.9-dev:armhf 4.9.2-10
2018-02-25 17:43:35 status not-installed libgcc-4.9-dev:armhf <none>
2018-02-25 17:43:35 status installed libasan1:armhf 4.9.2-10
2018-02-25 17:43:35 remove libasan1:armhf 4.9.2-10 <none>
2018-02-25 17:43:35 status half-configured libasan1:armhf 4.9.2-10
2018-02-25 17:43:35 status half-installed libasan1:armhf 4.9.2-10
2018-02-25 17:43:35 status triggers-pending libc-bin:armhf 2.19-18+deb8u10
2018-02-25 17:43:36 status config-files libasan1:armhf 4.9.2-10
2018-02-25 17:43:36 purge libasan1:armhf 4.9.2-10 <none>
2018-02-25 17:43:36 status config-files libasan1:armhf 4.9.2-10
2018-02-25 17:43:36 status config-files libasan1:armhf 4.9.2-10
2018-02-25 17:43:36 status config-files libasan1:armhf 4.9.2-10
2018-02-25 17:43:36 status config-files libasan1:armhf 4.9.2-10
2018-02-25 17:43:36 status config-files libasan1:armhf 4.9.2-10
2018-02-25 17:43:36 status not-installed libasan1:armhf <none>
2018-02-25 17:43:36 status installed libatomic1:armhf 4.9.2-10
2018-02-25 17:43:36 remove libatomic1:armhf 4.9.2-10 <none>
2018-02-25 17:43:36 status half-configured libatomic1:armhf 4.9.2-10
2018-02-25 17:43:36 status half-installed libatomic1:armhf 4.9.2-10
2018-02-25 17:43:36 status config-files libatomic1:armhf 4.9.2-10
2018-02-25 17:43:36 purge libatomic1:armhf 4.9.2-10 <none>
2018-02-25 17:43:36 status config-files libatomic1:armhf 4.9.2-10
2018-02-25 17:43:36 status config-files libatomic1:armhf 4.9.2-10
2018-02-25 17:43:36 status config-files libatomic1:armhf 4.9.2-10
2018-02-25 17:43:36 status config-files libatomic1:armhf 4.9.2-10
2018-02-25 17:43:36 status config-files libatomic1:armhf 4.9.2-10
2018-02-25 17:43:36 status not-installed libatomic1:armhf <none>
2018-02-25 17:43:36 status installed libdpkg-perl:all 1.17.27
2018-02-25 17:43:37 remove libdpkg-perl:all 1.17.27 <none>
2018-02-25 17:43:37 status half-configured libdpkg-perl:all 1.17.27
2018-02-25 17:43:37 status half-installed libdpkg-perl:all 1.17.27
2018-02-25 17:43:41 status config-files libdpkg-perl:all 1.17.27
2018-02-25 17:43:41 status config-files libdpkg-perl:all 1.17.27
2018-02-25 17:43:41 status config-files libdpkg-perl:all 1.17.27
2018-02-25 17:43:42 status not-installed libdpkg-perl:all <none>
2018-02-25 17:43:42 status installed libfakeroot:armhf 1.20.2-1
2018-02-25 17:43:42 remove libfakeroot:armhf 1.20.2-1 <none>
2018-02-25 17:43:42 status half-configured libfakeroot:armhf 1.20.2-1
2018-02-25 17:43:42 status half-installed libfakeroot:armhf 1.20.2-1
2018-02-25 17:43:42 status config-files libfakeroot:armhf 1.20.2-1
2018-02-25 17:43:42 purge libfakeroot:armhf 1.20.2-1 <none>
2018-02-25 17:43:42 status config-files libfakeroot:armhf 1.20.2-1
2018-02-25 17:43:42 status config-files libfakeroot:armhf 1.20.2-1
2018-02-25 17:43:42 status config-files libfakeroot:armhf 1.20.2-1
2018-02-25 17:43:42 status config-files libfakeroot:armhf 1.20.2-1
2018-02-25 17:43:42 status config-files libfakeroot:armhf 1.20.2-1
2018-02-25 17:43:42 status not-installed libfakeroot:armhf <none>
2018-02-25 17:43:42 status installed libfile-fcntllock-perl:armhf 0.22-1+b1
2018-02-25 17:43:43 remove libfile-fcntllock-perl:armhf 0.22-1+b1 <none>
2018-02-25 17:43:43 status half-configured libfile-fcntllock-perl:armhf 0.22-1+b1
2018-02-25 17:43:43 status half-installed libfile-fcntllock-perl:armhf 0.22-1+b1
2018-02-25 17:43:43 status config-files libfile-fcntllock-perl:armhf 0.22-1+b1
2018-02-25 17:43:43 status config-files libfile-fcntllock-perl:armhf 0.22-1+b1
2018-02-25 17:43:43 status config-files libfile-fcntllock-perl:armhf 0.22-1+b1
2018-02-25 17:43:43 status not-installed libfile-fcntllock-perl:armhf <none>
2018-02-25 17:43:43 status installed libgomp1:armhf 4.9.2-10
2018-02-25 17:43:43 remove libgomp1:armhf 4.9.2-10 <none>
2018-02-25 17:43:43 status half-configured libgomp1:armhf 4.9.2-10
2018-02-25 17:43:43 status half-installed libgomp1:armhf 4.9.2-10
2018-02-25 17:43:43 status config-files libgomp1:armhf 4.9.2-10
2018-02-25 17:43:43 purge libgomp1:armhf 4.9.2-10 <none>
2018-02-25 17:43:43 status config-files libgomp1:armhf 4.9.2-10
2018-02-25 17:43:43 status config-files libgomp1:armhf 4.9.2-10
2018-02-25 17:43:43 status config-files libgomp1:armhf 4.9.2-10
2018-02-25 17:43:43 status config-files libgomp1:armhf 4.9.2-10
2018-02-25 17:43:43 status config-files libgomp1:armhf 4.9.2-10
2018-02-25 17:43:43 status not-installed libgomp1:armhf <none>
2018-02-25 17:43:43 status installed wireless-tools:armhf 30~pre9-8
2018-02-25 17:43:43 remove wireless-tools:armhf 30~pre9-8 <none>
2018-02-25 17:43:43 status half-configured wireless-tools:armhf 30~pre9-8
2018-02-25 17:43:43 status half-installed wireless-tools:armhf 30~pre9-8
2018-02-25 17:43:44 status config-files wireless-tools:armhf 30~pre9-8
2018-02-25 17:43:44 purge wireless-tools:armhf 30~pre9-8 <none>
2018-02-25 17:43:44 status config-files wireless-tools:armhf 30~pre9-8
2018-02-25 17:43:44 status config-files wireless-tools:armhf 30~pre9-8
2018-02-25 17:43:44 status config-files wireless-tools:armhf 30~pre9-8
2018-02-25 17:43:44 status config-files wireless-tools:armhf 30~pre9-8
2018-02-25 17:43:44 status config-files wireless-tools:armhf 30~pre9-8
2018-02-25 17:43:44 status not-installed wireless-tools:armhf <none>
2018-02-25 17:43:44 status installed libiw30:armhf 30~pre9-8
2018-02-25 17:43:44 remove libiw30:armhf 30~pre9-8 <none>
2018-02-25 17:43:44 status half-configured libiw30:armhf 30~pre9-8
2018-02-25 17:43:44 status half-installed libiw30:armhf 30~pre9-8
2018-02-25 17:43:46 status config-files libiw30:armhf 30~pre9-8
2018-02-25 17:43:46 purge libiw30:armhf 30~pre9-8 <none>
2018-02-25 17:43:46 status config-files libiw30:armhf 30~pre9-8
2018-02-25 17:43:46 status config-files libiw30:armhf 30~pre9-8
2018-02-25 17:43:46 status config-files libiw30:armhf 30~pre9-8
2018-02-25 17:43:46 status config-files libiw30:armhf 30~pre9-8
2018-02-25 17:43:46 status config-files libiw30:armhf 30~pre9-8
2018-02-25 17:43:46 status not-installed libiw30:armhf <none>
2018-02-25 17:43:46 status installed libtimedate-perl:all 2.3000-2
2018-02-25 17:43:46 remove libtimedate-perl:all 2.3000-2 <none>
2018-02-25 17:43:46 status half-configured libtimedate-perl:all 2.3000-2
2018-02-25 17:43:46 status half-installed libtimedate-perl:all 2.3000-2
2018-02-25 17:43:46 status config-files libtimedate-perl:all 2.3000-2
2018-02-25 17:43:46 status config-files libtimedate-perl:all 2.3000-2
2018-02-25 17:43:46 status config-files libtimedate-perl:all 2.3000-2
2018-02-25 17:43:46 status not-installed libtimedate-perl:all <none>
2018-02-25 17:43:46 status installed libubsan0:armhf 4.9.2-10
2018-02-25 17:43:47 remove libubsan0:armhf 4.9.2-10 <none>
2018-02-25 17:43:47 status half-configured libubsan0:armhf 4.9.2-10
2018-02-25 17:43:47 status half-installed libubsan0:armhf 4.9.2-10
2018-02-25 17:43:47 status config-files libubsan0:armhf 4.9.2-10
2018-02-25 17:43:47 purge libubsan0:armhf 4.9.2-10 <none>
2018-02-25 17:43:47 status config-files libubsan0:armhf 4.9.2-10
2018-02-25 17:43:47 status config-files libubsan0:armhf 4.9.2-10
2018-02-25 17:43:47 status config-files libubsan0:armhf 4.9.2-10
2018-02-25 17:43:47 status config-files libubsan0:armhf 4.9.2-10
2018-02-25 17:43:47 status config-files libubsan0:armhf 4.9.2-10
2018-02-25 17:43:47 status not-installed libubsan0:armhf <none>
2018-02-25 17:43:47 status installed patch:armhf 2.7.5-1
2018-02-25 17:43:47 remove patch:armhf 2.7.5-1 <none>
2018-02-25 17:43:47 status half-configured patch:armhf 2.7.5-1
2018-02-25 17:43:47 status half-installed patch:armhf 2.7.5-1
2018-02-25 17:43:47 status config-files patch:armhf 2.7.5-1
2018-02-25 17:43:47 status config-files patch:armhf 2.7.5-1
2018-02-25 17:43:47 status config-files patch:armhf 2.7.5-1
2018-02-25 17:43:47 status not-installed patch:armhf <none>
2018-02-25 17:43:47 status installed wireless-regdb:all 2016.06.10-1~deb8u1
2018-02-25 17:43:47 remove wireless-regdb:all 2016.06.10-1~deb8u1 <none>
2018-02-25 17:43:47 status half-configured wireless-regdb:all 2016.06.10-1~deb8u1
2018-02-25 17:43:47 status half-installed wireless-regdb:all 2016.06.10-1~deb8u1
2018-02-25 17:43:48 status config-files wireless-regdb:all 2016.06.10-1~deb8u1
2018-02-25 17:43:48 status config-files wireless-regdb:all 2016.06.10-1~deb8u1
2018-02-25 17:43:48 status config-files wireless-regdb:all 2016.06.10-1~deb8u1
2018-02-25 17:43:48 status not-installed wireless-regdb:all <none>
2018-02-25 17:43:48 trigproc man-db:armhf 2.7.5-1~bpo8+1 <none>
2018-02-25 17:43:48 status half-configured man-db:armhf 2.7.5-1~bpo8+1
2018-02-25 17:43:48 status installed man-db:armhf 2.7.5-1~bpo8+1
2018-02-25 17:43:48 trigproc libc-bin:armhf 2.19-18+deb8u10 <none>
2018-02-25 17:43:48 status half-configured libc-bin:armhf 2.19-18+deb8u10
2018-02-25 17:43:50 status installed libc-bin:armhf 2.19-18+deb8u10
2018-02-25 17:43:52 startup packages configure
2018-02-25 17:44:49 startup packages purge
2018-02-25 17:44:49 status installed cifs-utils:armhf 2:6.4-1
2018-02-25 17:44:50 remove cifs-utils:armhf 2:6.4-1 <none>
2018-02-25 17:44:50 status half-configured cifs-utils:armhf 2:6.4-1
2018-02-25 17:44:50 status half-installed cifs-utils:armhf 2:6.4-1
2018-02-25 17:44:50 status triggers-pending man-db:armhf 2.7.5-1~bpo8+1
2018-02-25 17:44:50 status config-files cifs-utils:armhf 2:6.4-1
2018-02-25 17:44:50 purge cifs-utils:armhf 2:6.4-1 <none>
2018-02-25 17:44:50 status config-files cifs-utils:armhf 2:6.4-1
2018-02-25 17:44:50 status config-files cifs-utils:armhf 2:6.4-1
2018-02-25 17:44:51 status config-files cifs-utils:armhf 2:6.4-1
2018-02-25 17:44:51 status config-files cifs-utils:armhf 2:6.4-1
2018-02-25 17:44:51 status config-files cifs-utils:armhf 2:6.4-1
2018-02-25 17:44:51 status not-installed cifs-utils:armhf <none>
2018-02-25 17:44:51 status installed libtalloc2:armhf 2.1.2-0+deb8u1
2018-02-25 17:44:51 remove libtalloc2:armhf 2.1.2-0+deb8u1 <none>
2018-02-25 17:44:51 status half-configured libtalloc2:armhf 2.1.2-0+deb8u1
2018-02-25 17:44:51 status half-installed libtalloc2:armhf 2.1.2-0+deb8u1
2018-02-25 17:44:51 status triggers-pending libc-bin:armhf 2.19-18+deb8u10
2018-02-25 17:44:51 status config-files libtalloc2:armhf 2.1.2-0+deb8u1
2018-02-25 17:44:51 purge libtalloc2:armhf 2.1.2-0+deb8u1 <none>
2018-02-25 17:44:51 status config-files libtalloc2:armhf 2.1.2-0+deb8u1
2018-02-25 17:44:51 status config-files libtalloc2:armhf 2.1.2-0+deb8u1
2018-02-25 17:44:51 status config-files libtalloc2:armhf 2.1.2-0+deb8u1
2018-02-25 17:44:51 status config-files libtalloc2:armhf 2.1.2-0+deb8u1
2018-02-25 17:44:51 status config-files libtalloc2:armhf 2.1.2-0+deb8u1
2018-02-25 17:44:51 status not-installed libtalloc2:armhf <none>
2018-02-25 17:44:51 status installed libwbclient0:armhf 2:4.2.14+dfsg-0+deb8u6
2018-02-25 17:44:51 remove libwbclient0:armhf 2:4.2.14+dfsg-0+deb8u6 <none>
2018-02-25 17:44:51 status half-configured libwbclient0:armhf 2:4.2.14+dfsg-0+deb8u6
2018-02-25 17:44:51 status half-installed libwbclient0:armhf 2:4.2.14+dfsg-0+deb8u6
2018-02-25 17:44:52 status config-files libwbclient0:armhf 2:4.2.14+dfsg-0+deb8u6
2018-02-25 17:44:52 purge libwbclient0:armhf 2:4.2.14+dfsg-0+deb8u6 <none>
2018-02-25 17:44:52 status config-files libwbclient0:armhf 2:4.2.14+dfsg-0+deb8u6
2018-02-25 17:44:52 status config-files libwbclient0:armhf 2:4.2.14+dfsg-0+deb8u6
2018-02-25 17:44:52 status config-files libwbclient0:armhf 2:4.2.14+dfsg-0+deb8u6
2018-02-25 17:44:52 status config-files libwbclient0:armhf 2:4.2.14+dfsg-0+deb8u6
2018-02-25 17:44:52 status config-files libwbclient0:armhf 2:4.2.14+dfsg-0+deb8u6
2018-02-25 17:44:52 status not-installed libwbclient0:armhf <none>
2018-02-25 17:44:52 status installed samba-common:all 2:4.2.14+dfsg-0+deb8u6
2018-02-25 17:44:52 remove samba-common:all 2:4.2.14+dfsg-0+deb8u6 <none>
2018-02-25 17:44:52 status half-configured samba-common:all 2:4.2.14+dfsg-0+deb8u6
2018-02-25 17:44:52 status half-installed samba-common:all 2:4.2.14+dfsg-0+deb8u6
2018-02-25 17:44:52 status config-files samba-common:all 2:4.2.14+dfsg-0+deb8u6
2018-02-25 17:44:52 purge samba-common:all 2:4.2.14+dfsg-0+deb8u6 <none>
2018-02-25 17:44:52 status config-files samba-common:all 2:4.2.14+dfsg-0+deb8u6
2018-02-25 17:44:52 status config-files samba-common:all 2:4.2.14+dfsg-0+deb8u6
2018-02-25 17:44:52 status config-files samba-common:all 2:4.2.14+dfsg-0+deb8u6
2018-02-25 17:45:04 status config-files samba-common:all 2:4.2.14+dfsg-0+deb8u6
2018-02-25 17:45:05 status config-files samba-common:all 2:4.2.14+dfsg-0+deb8u6
2018-02-25 17:45:06 status not-installed samba-common:all <none>
2018-02-25 17:45:06 trigproc man-db:armhf 2.7.5-1~bpo8+1 <none>
2018-02-25 17:45:06 status half-configured man-db:armhf 2.7.5-1~bpo8+1
2018-02-25 17:45:06 status installed man-db:armhf 2.7.5-1~bpo8+1
2018-02-25 17:45:06 trigproc libc-bin:armhf 2.19-18+deb8u10 <none>
2018-02-25 17:45:06 status half-configured libc-bin:armhf 2.19-18+deb8u10
2018-02-25 17:45:08 status installed libc-bin:armhf 2.19-18+deb8u10
2018-02-25 17:45:12 startup packages configure
2018-02-25 17:50:22 startup packages purge
2018-02-25 17:50:22 status installed pi-bluetooth:armhf 0.1.3
2018-02-25 17:50:23 remove pi-bluetooth:armhf 0.1.3 <none>
2018-02-25 17:50:23 status half-configured pi-bluetooth:armhf 0.1.3
2018-02-25 17:50:24 status half-installed pi-bluetooth:armhf 0.1.3
2018-02-25 17:50:24 status config-files pi-bluetooth:armhf 0.1.3
2018-02-25 17:50:24 purge pi-bluetooth:armhf 0.1.3 <none>
2018-02-25 17:50:24 status config-files pi-bluetooth:armhf 0.1.3
2018-02-25 17:50:25 status config-files pi-bluetooth:armhf 0.1.3
2018-02-25 17:50:25 status config-files pi-bluetooth:armhf 0.1.3
2018-02-25 17:50:28 status config-files pi-bluetooth:armhf 0.1.3
2018-02-25 17:50:28 status config-files pi-bluetooth:armhf 0.1.3
2018-02-25 17:50:29 status not-installed pi-bluetooth:armhf <none>
2018-02-25 17:50:29 status installed bluez:armhf 5.23-2+rpi2
2018-02-25 17:50:30 remove bluez:armhf 5.23-2+rpi2 <none>
2018-02-25 17:50:30 status half-configured bluez:armhf 5.23-2+rpi2
2018-02-25 17:50:32 status installed bluez-firmware:all 1.2-3+rpi1
2018-02-25 17:50:32 remove bluez-firmware:all 1.2-3+rpi1 <none>
2018-02-25 17:50:32 status half-configured bluez-firmware:all 1.2-3+rpi1
2018-02-25 17:50:32 status half-installed bluez-firmware:all 1.2-3+rpi1
2018-02-25 17:50:33 status config-files bluez-firmware:all 1.2-3+rpi1
2018-02-25 17:50:33 status config-files bluez-firmware:all 1.2-3+rpi1
2018-02-25 17:50:33 status config-files bluez-firmware:all 1.2-3+rpi1
2018-02-25 17:50:37 status not-installed bluez-firmware:all <none>
2018-02-25 17:51:00 startup packages configure
2018-02-25 17:51:00 configure bluez:armhf 5.23-2+rpi2 <none>
2018-02-25 17:51:00 status half-configured bluez:armhf 5.23-2+rpi2
2018-02-25 17:52:00 startup packages configure
2018-02-25 17:52:00 configure bluez:armhf 5.23-2+rpi2 <none>
2018-02-25 17:52:00 status half-configured bluez:armhf 5.23-2+rpi2
2018-02-25 17:52:03 status installed bluez:armhf 5.23-2+rpi2
2018-02-25 17:52:03 startup packages configure
2018-02-25 17:53:36 startup packages purge
2018-02-25 17:53:36 status installed apt-listchanges:all 2.85.13+nmu1
2018-02-25 17:53:37 remove apt-listchanges:all 2.85.13+nmu1 <none>
2018-02-25 17:53:37 status half-configured apt-listchanges:all 2.85.13+nmu1
2018-02-25 17:53:37 status triggers-pending python-support:all 1.0.15
2018-02-25 17:53:37 status half-installed apt-listchanges:all 2.85.13+nmu1
2018-02-25 17:53:37 status triggers-pending man-db:armhf 2.7.5-1~bpo8+1
2018-02-25 17:53:38 status config-files apt-listchanges:all 2.85.13+nmu1
2018-02-25 17:53:38 purge apt-listchanges:all 2.85.13+nmu1 <none>
2018-02-25 17:53:38 status config-files apt-listchanges:all 2.85.13+nmu1
2018-02-25 17:53:38 status config-files apt-listchanges:all 2.85.13+nmu1
2018-02-25 17:53:38 status config-files apt-listchanges:all 2.85.13+nmu1
2018-02-25 17:53:40 status config-files apt-listchanges:all 2.85.13+nmu1
2018-02-25 17:53:40 status config-files apt-listchanges:all 2.85.13+nmu1
2018-02-25 17:53:40 status not-installed apt-listchanges:all <none>
2018-02-25 17:53:41 status installed lsb-release:all 4.1+Debian13+rpi1+nmu1
2018-02-25 17:53:42 remove lsb-release:all 4.1+Debian13+rpi1+nmu1 <none>
2018-02-25 17:53:42 status half-configured lsb-release:all 4.1+Debian13+rpi1+nmu1
2018-02-25 17:53:42 status half-installed lsb-release:all 4.1+Debian13+rpi1+nmu1
2018-02-25 17:53:42 status config-files lsb-release:all 4.1+Debian13+rpi1+nmu1
2018-02-25 17:53:42 purge lsb-release:all 4.1+Debian13+rpi1+nmu1 <none>
2018-02-25 17:53:42 status config-files lsb-release:all 4.1+Debian13+rpi1+nmu1
2018-02-25 17:53:42 status config-files lsb-release:all 4.1+Debian13+rpi1+nmu1
2018-02-25 17:53:42 status config-files lsb-release:all 4.1+Debian13+rpi1+nmu1
2018-02-25 17:53:42 status config-files lsb-release:all 4.1+Debian13+rpi1+nmu1
2018-02-25 17:53:42 status config-files lsb-release:all 4.1+Debian13+rpi1+nmu1
2018-02-25 17:53:42 status not-installed lsb-release:all <none>
2018-02-25 17:53:42 status installed python-rpi.gpio:armhf 0.6.3~jessie-1
2018-02-25 17:53:42 remove python-rpi.gpio:armhf 0.6.3~jessie-1 <none>
2018-02-25 17:53:42 status half-configured python-rpi.gpio:armhf 0.6.3~jessie-1
2018-02-25 17:53:43 status half-installed python-rpi.gpio:armhf 0.6.3~jessie-1
2018-02-25 17:53:43 status config-files python-rpi.gpio:armhf 0.6.3~jessie-1
2018-02-25 17:53:43 status config-files python-rpi.gpio:armhf 0.6.3~jessie-1
2018-02-25 17:53:43 status config-files python-rpi.gpio:armhf 0.6.3~jessie-1
2018-02-25 17:53:43 status not-installed python-rpi.gpio:armhf <none>
2018-02-25 17:53:43 status triggers-pending python-support:all 1.0.15
2018-02-25 17:53:43 remove python-support:all 1.0.15 <none>
2018-02-25 17:53:43 status half-configured python-support:all 1.0.15
2018-02-25 17:53:43 status half-installed python-support:all 1.0.15
2018-02-25 17:53:43 status config-files python-support:all 1.0.15
2018-02-25 17:53:43 purge python-support:all 1.0.15 <none>
2018-02-25 17:53:43 status config-files python-support:all 1.0.15
2018-02-25 17:53:43 status config-files python-support:all 1.0.15
2018-02-25 17:53:43 status config-files python-support:all 1.0.15
2018-02-25 17:53:43 status config-files python-support:all 1.0.15
2018-02-25 17:53:43 status config-files python-support:all 1.0.15
2018-02-25 17:53:43 status not-installed python-support:all <none>
2018-02-25 17:53:43 status installed python:armhf 2.7.9-1
2018-02-25 17:53:43 status installed python-apt:armhf 0.9.3.12
2018-02-25 17:53:43 remove python-apt:armhf 0.9.3.12 <none>
2018-02-25 17:53:43 status half-configured python-apt:armhf 0.9.3.12
2018-02-25 17:53:44 status half-installed python-apt:armhf 0.9.3.12
2018-02-25 17:53:44 status config-files python-apt:armhf 0.9.3.12
2018-02-25 17:53:44 status config-files python-apt:armhf 0.9.3.12
2018-02-25 17:53:44 status config-files python-apt:armhf 0.9.3.12
2018-02-25 17:53:44 status not-installed python-apt:armhf <none>
2018-02-25 17:53:44 status installed python-apt-common:all 0.9.3.12
2018-02-25 17:53:44 remove python-apt-common:all 0.9.3.12 <none>
2018-02-25 17:53:44 status half-configured python-apt-common:all 0.9.3.12
2018-02-25 17:53:44 status half-installed python-apt-common:all 0.9.3.12
2018-02-25 17:53:44 status config-files python-apt-common:all 0.9.3.12
2018-02-25 17:53:44 status config-files python-apt-common:all 0.9.3.12
2018-02-25 17:53:44 status config-files python-apt-common:all 0.9.3.12
2018-02-25 17:53:44 status not-installed python-apt-common:all <none>
2018-02-25 17:53:44 status installed python-minimal:armhf 2.7.9-1
2018-02-25 17:53:44 status installed python2.7:armhf 2.7.9-2+deb8u1
2018-02-25 17:53:44 status installed python2.7-minimal:armhf 2.7.9-2+deb8u1
2018-02-25 17:53:44 status installed python:armhf 2.7.9-1
2018-02-25 17:53:44 remove python:armhf 2.7.9-1 <none>
2018-02-25 17:53:44 status half-configured python:armhf 2.7.9-1
2018-02-25 17:53:44 status half-installed python:armhf 2.7.9-1
2018-02-25 17:53:44 status config-files python:armhf 2.7.9-1
2018-02-25 17:53:45 purge python:armhf 2.7.9-1 <none>
2018-02-25 17:53:45 status config-files python:armhf 2.7.9-1
2018-02-25 17:53:45 status config-files python:armhf 2.7.9-1
2018-02-25 17:53:45 status config-files python:armhf 2.7.9-1
2018-02-25 17:53:45 status config-files python:armhf 2.7.9-1
2018-02-25 17:53:46 status config-files python:armhf 2.7.9-1
2018-02-25 17:53:46 status not-installed python:armhf <none>
2018-02-25 17:53:46 status installed python-minimal:armhf 2.7.9-1
2018-02-25 17:53:46 remove python-minimal:armhf 2.7.9-1 <none>
2018-02-25 17:53:46 status half-configured python-minimal:armhf 2.7.9-1
2018-02-25 17:53:46 status half-installed python-minimal:armhf 2.7.9-1
2018-02-25 17:53:46 status config-files python-minimal:armhf 2.7.9-1
2018-02-25 17:53:46 status config-files python-minimal:armhf 2.7.9-1
2018-02-25 17:53:46 status config-files python-minimal:armhf 2.7.9-1
2018-02-25 17:53:46 status not-installed python-minimal:armhf <none>
2018-02-25 17:53:46 status installed python2.7:armhf 2.7.9-2+deb8u1
2018-02-25 17:53:46 remove python2.7:armhf 2.7.9-2+deb8u1 <none>
2018-02-25 17:53:46 status half-configured python2.7:armhf 2.7.9-2+deb8u1
2018-02-25 17:53:46 status half-installed python2.7:armhf 2.7.9-2+deb8u1
2018-02-25 17:53:46 status triggers-pending mime-support:all 3.58
2018-02-25 17:53:46 status config-files python2.7:armhf 2.7.9-2+deb8u1
2018-02-25 17:53:46 purge python2.7:armhf 2.7.9-2+deb8u1 <none>
2018-02-25 17:53:46 status config-files python2.7:armhf 2.7.9-2+deb8u1
2018-02-25 17:53:47 status config-files python2.7:armhf 2.7.9-2+deb8u1
2018-02-25 17:53:47 status config-files python2.7:armhf 2.7.9-2+deb8u1
2018-02-25 17:53:47 status config-files python2.7:armhf 2.7.9-2+deb8u1
2018-02-25 17:53:47 status config-files python2.7:armhf 2.7.9-2+deb8u1
2018-02-25 17:53:47 status not-installed python2.7:armhf <none>
2018-02-25 17:53:47 status installed python2.7-minimal:armhf 2.7.9-2+deb8u1
2018-02-25 17:53:47 remove python2.7-minimal:armhf 2.7.9-2+deb8u1 <none>
2018-02-25 17:53:47 status half-configured python2.7-minimal:armhf 2.7.9-2+deb8u1
2018-02-25 17:53:47 status half-installed python2.7-minimal:armhf 2.7.9-2+deb8u1
2018-02-25 17:53:47 status config-files python2.7-minimal:armhf 2.7.9-2+deb8u1
2018-02-25 17:53:47 purge python2.7-minimal:armhf 2.7.9-2+deb8u1 <none>
2018-02-25 17:53:47 status config-files python2.7-minimal:armhf 2.7.9-2+deb8u1
2018-02-25 17:53:47 status config-files python2.7-minimal:armhf 2.7.9-2+deb8u1
2018-02-25 17:53:47 status config-files python2.7-minimal:armhf 2.7.9-2+deb8u1
2018-02-25 17:53:47 status config-files python2.7-minimal:armhf 2.7.9-2+deb8u1
2018-02-25 17:53:47 status config-files python2.7-minimal:armhf 2.7.9-2+deb8u1
2018-02-25 17:53:47 status not-installed python2.7-minimal:armhf <none>
2018-02-25 17:53:47 trigproc man-db:armhf 2.7.5-1~bpo8+1 <none>
2018-02-25 17:53:47 status half-configured man-db:armhf 2.7.5-1~bpo8+1
2018-02-25 17:53:47 status installed man-db:armhf 2.7.5-1~bpo8+1
2018-02-25 17:53:47 trigproc mime-support:all 3.58 <none>
2018-02-25 17:53:47 status half-configured mime-support:all 3.58
2018-02-25 17:53:47 status installed mime-support:all 3.58
2018-02-25 17:53:47 startup packages configure
2018-02-26 11:59:17 startup packages remove
2018-02-26 11:59:17 status installed iso-codes:all 3.57-1
2018-02-26 11:59:19 remove iso-codes:all 3.57-1 <none>
2018-02-26 11:59:19 status half-configured iso-codes:all 3.57-1
2018-02-26 11:59:19 status half-installed iso-codes:all 3.57-1
2018-02-26 11:59:20 status config-files iso-codes:all 3.57-1
2018-02-26 11:59:20 status config-files iso-codes:all 3.57-1
2018-02-26 11:59:20 status config-files iso-codes:all 3.57-1
2018-02-26 11:59:20 status not-installed iso-codes:all <none>
2018-02-26 11:59:20 status installed libpython-stdlib:armhf 2.7.9-1
2018-02-26 11:59:20 remove libpython-stdlib:armhf 2.7.9-1 <none>
2018-02-26 11:59:20 status half-configured libpython-stdlib:armhf 2.7.9-1
2018-02-26 11:59:20 status half-installed libpython-stdlib:armhf 2.7.9-1
2018-02-26 11:59:20 status config-files libpython-stdlib:armhf 2.7.9-1
2018-02-26 11:59:20 status config-files libpython-stdlib:armhf 2.7.9-1
2018-02-26 11:59:20 status config-files libpython-stdlib:armhf 2.7.9-1
2018-02-26 11:59:20 status not-installed libpython-stdlib:armhf <none>
2018-02-26 11:59:20 startup packages configure
